<?xml version="1.0" encoding="UTF-8"?>
<testng-results skipped="0" failed="0" ignored="0" total="1" passed="1">
  <reporter-output>
  </reporter-output>
  <suite name="Suite" duration-ms="13746" started-at="2021-09-07T03:27:48Z" finished-at="2021-09-07T03:28:02Z">
    <groups>
    </groups>
    <test name="Test" duration-ms="13746" started-at="2021-09-07T03:27:48Z" finished-at="2021-09-07T03:28:02Z">
      <class name="com.inetbanking.testCases.TC_LoginTest_001">
        <test-method status="PASS" signature="setup(java.lang.String)[pri:0, instance:com.inetbanking.testCases.TC_LoginTest_001@17c68925]" name="setup" is-config="true" duration-ms="8939" started-at="2021-09-07T03:27:49Z" finished-at="2021-09-07T03:27:58Z">
          <params>
            <param index="0">
              <value>
                <![CDATA[chrome]]>
              </value>
            </param>
          </params>
          <reporter-output>
          </reporter-output>
        </test-method> <!-- setup -->
        <test-method status="PASS" signature="loginTest()[pri:0, instance:com.inetbanking.testCases.TC_LoginTest_001@17c68925]" name="loginTest" duration-ms="2802" started-at="2021-09-07T03:27:58Z" finished-at="2021-09-07T03:28:00Z">
          <reporter-output>
          </reporter-output>
        </test-method> <!-- loginTest -->
        <test-method status="PASS" signature="teardown(java.lang.String)[pri:0, instance:com.inetbanking.testCases.TC_LoginTest_001@17c68925]" name="teardown" is-config="true" duration-ms="1036" started-at="2021-09-07T03:28:00Z" finished-at="2021-09-07T03:28:02Z">
          <params>
            <param index="0">
              <value>
                <![CDATA[chrome]]>
              </value>
            </param>
          </params>
          <reporter-output>
          </reporter-output>
        </test-method> <!-- teardown -->
      </class> <!-- com.inetbanking.testCases.TC_LoginTest_001 -->
    </test> <!-- Test -->
  </suite> <!-- Suite -->
</testng-results>
