<?xml version="1.0" encoding="UTF-8"?>
<testng-results skipped="0" failed="0" ignored="0" total="1" passed="1">
  <reporter-output>
  </reporter-output>
  <suite name="Suite" duration-ms="26653" started-at="2021-09-06T03:08:33Z" finished-at="2021-09-06T03:09:00Z">
    <groups>
    </groups>
    <test name="Test" duration-ms="26653" started-at="2021-09-06T03:08:33Z" finished-at="2021-09-06T03:09:00Z">
      <class name="com.inetbanking.testCases.TC_AddCustomerTest_003">
        <test-method status="PASS" signature="setup(java.lang.String)[pri:0, instance:com.inetbanking.testCases.TC_AddCustomerTest_003@3c0ecd4b]" name="setup" is-config="true" duration-ms="8440" started-at="2021-09-06T08:38:34Z" finished-at="2021-09-06T08:38:42Z">
          <params>
            <param index="0">
              <value>
                <![CDATA[chrome]]>
              </value>
            </param>
          </params>
          <reporter-output>
          </reporter-output>
        </test-method> <!-- setup -->
        <test-method status="PASS" signature="addNewCustomer()[pri:0, instance:com.inetbanking.testCases.TC_AddCustomerTest_003@3c0ecd4b]" name="addNewCustomer" duration-ms="16387" started-at="2021-09-06T08:38:42Z" finished-at="2021-09-06T08:38:59Z">
          <reporter-output>
          </reporter-output>
        </test-method> <!-- addNewCustomer -->
        <test-method status="PASS" signature="teardown(java.lang.String)[pri:0, instance:com.inetbanking.testCases.TC_AddCustomerTest_003@3c0ecd4b]" name="teardown" is-config="true" duration-ms="1049" started-at="2021-09-06T08:38:59Z" finished-at="2021-09-06T08:39:00Z">
          <params>
            <param index="0">
              <value>
                <![CDATA[chrome]]>
              </value>
            </param>
          </params>
          <reporter-output>
          </reporter-output>
        </test-method> <!-- teardown -->
      </class> <!-- com.inetbanking.testCases.TC_AddCustomerTest_003 -->
    </test> <!-- Test -->
  </suite> <!-- Suite -->
</testng-results>
